<?xml version="1.0" encoding="UTF-8"?>
<!-- Generated by org.testng.reporters.JUnitReportReporter -->
<testsuite hostname="LAPTOP-N2AA0IIU" name="testpackgroup.C" tests="3" failures="0" timestamp="23 Aug 2023 10:15:55 GMT" time="0.002" errors="0">
  <testcase name="tc4" time="0.000" classname="testpackgroup.C"/>
  <testcase name="tc1" time="0.002" classname="testpackgroup.C"/>
  <testcase name="tc2" time="0.000" classname="testpackgroup.C"/>
</testsuite> <!-- testpackgroup.C -->
