<?xml version="1.0" encoding="UTF-8"?>
<!-- Generated by org.testng.reporters.JUnitReportReporter -->
<testsuite hostname="LAPTOP-N2AA0IIU" name="testpack.TestRun" tests="21" failures="0" timestamp="22 Aug 2023 09:24:38 GMT" time="50.879" errors="0">
  <testcase name="lgBtn" time="0.117" classname="testpack.TestRun"/>
  <testcase name="seqLogin" time="5.045" classname="testpack.TestRun"/>
  <testcase name="seqLogin" time="3.776" classname="testpack.TestRun"/>
  <testcase name="userName" time="1.146" classname="testpack.TestRun"/>
  <testcase name="seqLogin" time="5.768" classname="testpack.TestRun"/>
  <testcase name="userName" time="1.342" classname="testpack.TestRun"/>
  <testcase name="lgBtn" time="0.088" classname="testpack.TestRun"/>
  <testcase name="seqLogin" time="3.086" classname="testpack.TestRun"/>
  <testcase name="userName" time="0.436" classname="testpack.TestRun"/>
  <testcase name="seqLogin" time="3.839" classname="testpack.TestRun"/>
  <testcase name="seqLogin" time="3.041" classname="testpack.TestRun"/>
  <testcase name="seqLogin" time="5.054" classname="testpack.TestRun"/>
  <testcase name="seqLogin" time="3.046" classname="testpack.TestRun"/>
  <testcase name="lgBtn" time="0.057" classname="testpack.TestRun"/>
  <testcase name="seqLogin" time="3.785" classname="testpack.TestRun"/>
  <testcase name="pass" time="0.111" classname="testpack.TestRun"/>
  <testcase name="seqLogin" time="2.987" classname="testpack.TestRun"/>
  <testcase name="seqLogin" time="3.098" classname="testpack.TestRun"/>
  <testcase name="pass" time="0.076" classname="testpack.TestRun"/>
  <testcase name="pass" time="0.084" classname="testpack.TestRun"/>
  <testcase name="seqLogin" time="4.897" classname="testpack.TestRun"/>
</testsuite> <!-- testpack.TestRun -->
